<?xml version="1.0" encoding="UTF-8"?>
<!-- Generated by org.testng.reporters.JUnitReportReporter -->
<testsuite skipped="0" hostname="DESKTOP-HSGE4DB" name="com.actitime.testscripts.CustomerModule" tests="1" failures="0" timestamp="15 Apr 2021 08:40:37 GMT" time="18.799" errors="0">
  <testcase name="testCreateCustomer" time="18.799" classname="com.actitime.testscripts.CustomerModule"/>
</testsuite> <!-- com.actitime.testscripts.CustomerModule -->
